Modelim bez modifikacijam: 293

-- VT2: Light commercial --
  Brendi: 61
  OK Bremach | Job: 3 modif. (atliek: 292)
  OK Bremach | T-Rex(2010 - ): 4 modif. (atliek: 291)
  OK Chevrolet | Tahoe, GMT820: 1 modif. (atliek: 290)
  OK Chevrolet | Tahoe, GMT921: 4 modif. (atliek: 289)
  OK LDV | Pilot/V200: 1 modif. (atliek: 288)
  OK Nissan | Patrol, Y62: 4 modif. (atliek: 287)
  OK Ram Trucks | Ram 1500, DS: 38 modif. (atliek: 286)

-- VT3: Heavy truck/Bus --
  Brendi: 0

-- VT4: Motorcycle --
  Brendi: 0

-- VT5: Agricultural --
  Brendi: 0

=== Pabeidzu ===
  Modeli aizpilditi:    7
  Jaunas modifikacijas: 55
  Jaunas saderibas:     53
  API kludas:           2
