Performing system checks...

System check identified no issues (0 silenced).
June 17, 2026 - 21:44:00
Django version 5.2, using settings 'xadobaltic.settings'
Starting development server at http://127.0.0.1:8002/
Quit the server with CTRL-BREAK.

WARNING: This is a development server. Do not use it in a production setting. Use a production WSGI or ASGI server instead.
For more information on production servers see: https://docs.djangoproject.com/en/5.2/howto/deployment/
Performing system checks...

System check identified no issues (0 silenced).
June 17, 2026 - 22:31:42
Django version 5.2, using settings 'xadobaltic.settings'
Starting development server at http://127.0.0.1:8002/
Quit the server with CTRL-BREAK.

WARNING: This is a development server. Do not use it in a production setting. Use a production WSGI or ASGI server instead.
For more information on production servers see: https://docs.djangoproject.com/en/5.2/howto/deployment/
Performing system checks...

System check identified no issues (0 silenced).
June 17, 2026 - 22:58:38
Django version 5.2, using settings 'xadobaltic.settings'
Starting development server at http://127.0.0.1:8002/
Quit the server with CTRL-BREAK.

WARNING: This is a development server. Do not use it in a production setting. Use a production WSGI or ASGI server instead.
For more information on production servers see: https://docs.djangoproject.com/en/5.2/howto/deployment/
Performing system checks...

System check identified no issues (0 silenced).
June 17, 2026 - 23:00:49
Django version 5.2, using settings 'xadobaltic.settings'
Starting development server at http://127.0.0.1:8002/
Quit the server with CTRL-BREAK.

WARNING: This is a development server. Do not use it in a production setting. Use a production WSGI or ASGI server instead.
For more information on production servers see: https://docs.djangoproject.com/en/5.2/howto/deployment/
Performing system checks...

System check identified no issues (0 silenced).
June 17, 2026 - 23:51:24
Django version 5.2, using settings 'xadobaltic.settings'
Starting development server at http://127.0.0.1:8002/
Quit the server with CTRL-BREAK.

WARNING: This is a development server. Do not use it in a production setting. Use a production WSGI or ASGI server instead.
For more information on production servers see: https://docs.djangoproject.com/en/5.2/howto/deployment/
Performing system checks...

System check identified no issues (0 silenced).
June 17, 2026 - 23:51:29
Django version 5.2, using settings 'xadobaltic.settings'
Starting development server at http://127.0.0.1:8002/
Quit the server with CTRL-BREAK.

WARNING: This is a development server. Do not use it in a production setting. Use a production WSGI or ASGI server instead.
For more information on production servers see: https://docs.djangoproject.com/en/5.2/howto/deployment/
Performing system checks...

Performing system checks...

System check identified no issues (0 silenced).
June 17, 2026 - 23:56:10
Django version 5.2, using settings 'xadobaltic.settings'
Starting development server at http://127.0.0.1:8002/
Quit the server with CTRL-BREAK.

WARNING: This is a development server. Do not use it in a production setting. Use a production WSGI or ASGI server instead.
For more information on production servers see: https://docs.djangoproject.com/en/5.2/howto/deployment/
Performing system checks...

System check identified no issues (0 silenced).
June 17, 2026 - 23:56:17
Django version 5.2, using settings 'xadobaltic.settings'
Starting development server at http://127.0.0.1:8002/
Quit the server with CTRL-BREAK.

WARNING: This is a development server. Do not use it in a production setting. Use a production WSGI or ASGI server instead.
For more information on production servers see: https://docs.djangoproject.com/en/5.2/howto/deployment/
Performing system checks...

System check identified no issues (0 silenced).
June 17, 2026 - 23:59:41
Django version 5.2, using settings 'xadobaltic.settings'
Starting development server at http://127.0.0.1:8002/
Quit the server with CTRL-BREAK.

WARNING: This is a development server. Do not use it in a production setting. Use a production WSGI or ASGI server instead.
For more information on production servers see: https://docs.djangoproject.com/en/5.2/howto/deployment/
Performing system checks...

System check identified no issues (0 silenced).
June 17, 2026 - 23:59:46
Django version 5.2, using settings 'xadobaltic.settings'
Starting development server at http://127.0.0.1:8002/
Quit the server with CTRL-BREAK.

WARNING: This is a development server. Do not use it in a production setting. Use a production WSGI or ASGI server instead.
For more information on production servers see: https://docs.djangoproject.com/en/5.2/howto/deployment/
Performing system checks...

System check identified no issues (0 silenced).
June 18, 2026 - 00:02:28
Django version 5.2, using settings 'xadobaltic.settings'
Starting development server at http://127.0.0.1:8002/
Quit the server with CTRL-BREAK.

WARNING: This is a development server. Do not use it in a production setting. Use a production WSGI or ASGI server instead.
For more information on production servers see: https://docs.djangoproject.com/en/5.2/howto/deployment/
Performing system checks...

System check identified no issues (0 silenced).
June 18, 2026 - 00:11:06
Django version 5.2, using settings 'xadobaltic.settings'
Starting development server at http://127.0.0.1:8002/
Quit the server with CTRL-BREAK.

WARNING: This is a development server. Do not use it in a production setting. Use a production WSGI or ASGI server instead.
For more information on production servers see: https://docs.djangoproject.com/en/5.2/howto/deployment/
Performing system checks...

System check identified no issues (0 silenced).
June 18, 2026 - 00:16:21
Django version 5.2, using settings 'xadobaltic.settings'
Starting development server at http://127.0.0.1:8002/
Quit the server with CTRL-BREAK.

WARNING: This is a development server. Do not use it in a production setting. Use a production WSGI or ASGI server instead.
For more information on production servers see: https://docs.djangoproject.com/en/5.2/howto/deployment/
Performing system checks...

System check identified no issues (0 silenced).
June 18, 2026 - 00:20:46
Django version 5.2, using settings 'xadobaltic.settings'
Starting development server at http://127.0.0.1:8002/
Quit the server with CTRL-BREAK.

WARNING: This is a development server. Do not use it in a production setting. Use a production WSGI or ASGI server instead.
For more information on production servers see: https://docs.djangoproject.com/en/5.2/howto/deployment/
Performing system checks...

System check identified no issues (0 silenced).
June 18, 2026 - 00:27:09
Django version 5.2, using settings 'xadobaltic.settings'
Starting development server at http://127.0.0.1:8002/
Quit the server with CTRL-BREAK.

WARNING: This is a development server. Do not use it in a production setting. Use a production WSGI or ASGI server instead.
For more information on production servers see: https://docs.djangoproject.com/en/5.2/howto/deployment/
Performing system checks...

System check identified no issues (0 silenced).
June 18, 2026 - 00:27:29
Django version 5.2, using settings 'xadobaltic.settings'
Starting development server at http://127.0.0.1:8002/
Quit the server with CTRL-BREAK.

WARNING: This is a development server. Do not use it in a production setting. Use a production WSGI or ASGI server instead.
For more information on production servers see: https://docs.djangoproject.com/en/5.2/howto/deployment/
Performing system checks...

System check identified no issues (0 silenced).
June 18, 2026 - 00:27:37
Django version 5.2, using settings 'xadobaltic.settings'
Starting development server at http://127.0.0.1:8002/
Quit the server with CTRL-BREAK.

WARNING: This is a development server. Do not use it in a production setting. Use a production WSGI or ASGI server instead.
For more information on production servers see: https://docs.djangoproject.com/en/5.2/howto/deployment/
Performing system checks...

System check identified no issues (0 silenced).
June 18, 2026 - 00:27:46
Django version 5.2, using settings 'xadobaltic.settings'
Starting development server at http://127.0.0.1:8002/
Quit the server with CTRL-BREAK.

WARNING: This is a development server. Do not use it in a production setting. Use a production WSGI or ASGI server instead.
For more information on production servers see: https://docs.djangoproject.com/en/5.2/howto/deployment/
